<?xml version="1.0" encoding="UTF-8"?>
<!-- Generated by org.testng.reporters.JUnitReportReporter -->
<testsuite hostname="DESKTOP-SUNT4ML" failures="0" tests="1" name="TestNG.ExampleTest" time="20.884" errors="0" timestamp="2023-12-12T11:42:12 IST" skipped="0">
  <testcase classname="TestNG.ExampleTest" name="testLoginAndLogout" time="20.884"/>
</testsuite> <!-- TestNG.ExampleTest -->
