<?xml version="1.0" encoding="UTF-8"?>
<!-- Generated by org.testng.reporters.JUnitReportReporter -->
<testsuite hostname="DESKTOP-SUNT4ML" failures="0" tests="1" name="TestNG.ExampleTest" time="21.059" errors="0" timestamp="2023-11-28T14:46:03 IST" skipped="0">
  <testcase classname="TestNG.ExampleTest" name="testLoginAndLogout" time="21.059"/>
</testsuite> <!-- TestNG.ExampleTest -->
