<?xml version="1.0" encoding="UTF-8"?>
<!-- Generated by org.testng.reporters.JUnitReportReporter -->
<testsuite hostname="DESKTOP-SUNT4ML" failures="0" tests="1" name="TestNG.sample" time="7.651" errors="0" timestamp="2023-11-21T15:57:15 IST" skipped="0">
  <testcase classname="TestNG.sample" name="f" time="7.651"/>
</testsuite> <!-- TestNG.sample -->
