<?xml version="1.0" encoding="UTF-8"?>
<!-- Generated by org.testng.reporters.JUnitReportReporter -->
<testsuite hostname="DESKTOP-SUNT4ML" failures="0" tests="1" name="TestNG.SampleProgram" time="10.886" errors="0" timestamp="2023-11-25T16:29:55 IST" skipped="0">
  <testcase classname="TestNG.SampleProgram" name="Test" time="10.886"/>
</testsuite> <!-- TestNG.SampleProgram -->
