<?xml version="1.0" encoding="UTF-8"?>
<!-- Generated by org.testng.reporters.JUnitReportReporter -->
<testsuite hostname="DESKTOP-SUNT4ML" failures="0" tests="2" name="TestNG.DiathriveSetup" time="8.276" errors="0" timestamp="2023-11-27T15:02:04 IST" skipped="0">
  <testcase classname="TestNG.DiathriveSetup" name="navigate_to_homepage_click_on_getstarted" time="0.034"/>
  <testcase classname="TestNG.DiathriveSetup" name="enter_userDetails" time="8.242"/>
</testsuite> <!-- TestNG.DiathriveSetup -->
