<?xml version="1.0" encoding="UTF-8"?>
<!-- Generated by org.testng.reporters.JUnitReportReporter -->
<testsuite hostname="DESKTOP-SUNT4ML" failures="0" tests="2" name="VideoCaptureTest" time="0.009" errors="1" timestamp="2023-11-25T15:24:44 IST" skipped="1">
  <testcase classname="VideoCaptureTest" name="setUp" time="0.009">
    <error message="Unresolved compilation problems: 
	MediaTypeKey cannot be resolved to a variable
	MimeTypeKey cannot be resolved to a variable
	MIME_AVI cannot be resolved to a variable
	MediaTypeKey cannot be resolved to a variable
	EncodingKey cannot be resolved to a variable
	ENCODING_AVI_TECHSMITH_SCREEN_CAPTURE cannot be resolved to a variable
	CompressorNameKey cannot be resolved to a variable
	ENCODING_AVI_TECHSMITH_SCREEN_CAPTURE cannot be resolved to a variable
	DepthKey cannot be resolved to a variable
	FrameRateKey cannot be resolved to a variable
	Rational cannot be resolved
	QualityKey cannot be resolved to a variable
	KeyFrameIntervalKey cannot be resolved to a variable
	MediaTypeKey cannot be resolved to a variable
	EncodingKey cannot be resolved to a variable
	FrameRateKey cannot be resolved to a variable
	Rational cannot be resolved
" type="java.lang.Error">
      <![CDATA[java.lang.Error: Unresolved compilation problems: 
MediaTypeKey cannot be resolved to a variable
MimeTypeKey cannot be resolved to a variable
MIME_AVI cannot be resolved to a variable
MediaTypeKey cannot be resolved to a variable
EncodingKey cannot be resolved to a variable
ENCODING_AVI_TECHSMITH_SCREEN_CAPTURE cannot be resolved to a variable
CompressorNameKey cannot be resolved to a variable
ENCODING_AVI_TECHSMITH_SCREEN_CAPTURE cannot be resolved to a variable
DepthKey cannot be resolved to a variable
FrameRateKey cannot be resolved to a variable
Rational cannot be resolved
QualityKey cannot be resolved to a variable
KeyFrameIntervalKey cannot be resolved to a variable
MediaTypeKey cannot be resolved to a variable
EncodingKey cannot be resolved to a variable
FrameRateKey cannot be resolved to a variable
Rational cannot be resolved

at VideoCaptureTest.setUp(VideoCaptureTest.java:29)
at java.base/jdk.internal.reflect.NativeMethodAccessorImpl.invoke0(Native Method)
at java.base/jdk.internal.reflect.NativeMethodAccessorImpl.invoke(NativeMethodAccessorImpl.java:77)
at java.base/jdk.internal.reflect.DelegatingMethodAccessorImpl.invoke(DelegatingMethodAccessorImpl.java:43)
at java.base/java.lang.reflect.Method.invoke(Method.java:568)
at org.testng.internal.invokers.MethodInvocationHelper.invokeMethod(MethodInvocationHelper.java:139)
at org.testng.internal.invokers.MethodInvocationHelper.invokeMethodConsideringTimeout(MethodInvocationHelper.java:69)
at org.testng.internal.invokers.ConfigInvoker.invokeConfigurationMethod(ConfigInvoker.java:390)
at org.testng.internal.invokers.ConfigInvoker.invokeConfigurations(ConfigInvoker.java:325)
at org.testng.internal.invokers.TestInvoker.runConfigMethods(TestInvoker.java:810)
at org.testng.internal.invokers.TestInvoker.invokeMethod(TestInvoker.java:577)
at org.testng.internal.invokers.TestInvoker.invokeTestMethod(TestInvoker.java:227)
at org.testng.internal.invokers.MethodRunner.runInSequence(MethodRunner.java:50)
at org.testng.internal.invokers.TestInvoker$MethodInvocationAgent.invoke(TestInvoker.java:957)
at org.testng.internal.invokers.TestInvoker.invokeTestMethods(TestInvoker.java:200)
at org.testng.internal.invokers.TestMethodWorker.invokeTestMethods(TestMethodWorker.java:148)
at org.testng.internal.invokers.TestMethodWorker.run(TestMethodWorker.java:128)
at java.base/java.util.ArrayList.forEach(ArrayList.java:1511)
at org.testng.TestRunner.privateRun(TestRunner.java:848)
at org.testng.TestRunner.run(TestRunner.java:621)
at org.testng.SuiteRunner.runTest(SuiteRunner.java:443)
at org.testng.SuiteRunner.runSequentially(SuiteRunner.java:437)
at org.testng.SuiteRunner.privateRun(SuiteRunner.java:397)
at org.testng.SuiteRunner.run(SuiteRunner.java:336)
at org.testng.SuiteRunnerWorker.runSuite(SuiteRunnerWorker.java:52)
at org.testng.SuiteRunnerWorker.run(SuiteRunnerWorker.java:95)
at org.testng.TestNG.runSuitesSequentially(TestNG.java:1280)
at org.testng.TestNG.runSuitesLocally(TestNG.java:1200)
at org.testng.TestNG.runSuites(TestNG.java:1114)
at org.testng.TestNG.run(TestNG.java:1082)
at org.testng.remote.AbstractRemoteTestNG.run(AbstractRemoteTestNG.java:115)
at org.testng.remote.RemoteTestNG.initAndRun(RemoteTestNG.java:251)
at org.testng.remote.RemoteTestNG.main(RemoteTestNG.java:77)
]]>
    </error>
  </testcase> <!-- setUp -->
  <testcase classname="VideoCaptureTest" name="testCaptureVideoOnFailure" time="0.000">
    <skipped/>
  </testcase> <!-- testCaptureVideoOnFailure -->
</testsuite> <!-- VideoCaptureTest -->
